<?xml version="1.0" encoding="UTF-8"?>
<!-- Generated by org.testng.reporters.JUnitReportReporter -->
<testsuite skipped="0" hostname="DESKTOP-8DUI1RP" name="testcases.ClassRegistration" tests="1" failures="0" timestamp="09 Feb 2021 16:45:36 GMT" time="18.227" errors="0">
  <testcase name="classRegistration" time="18.227" classname="testcases.ClassRegistration"/>
</testsuite> <!-- testcases.ClassRegistration -->
